<?xml version="1.0" encoding="UTF-8"?>
<!-- Generated by org.testng.reporters.JUnitXMLReporter -->
<testsuite hostname="DIN66008786" ignored="0" name="Test" tests="7" failures="0" timestamp="25 May 2018 08:46:28 GMT" time="47.973" errors="0">
  <testcase name="logotest" time="0.067" classname="com.qa.test.GoogleTest"/>
  <testcase name="googleTitleTest" time="0.0" classname="com.qa.test.TestNGbasics"/>
  <testcase name="search" time="0.0" classname="com.qa.test.TestNGbasics"/>
  <testcase name="HomePageTest" time="0.0" classname="com.qa.test.TestNGFeatures"/>
  <testcase name="loginTest" time="0.0" classname="com.qa.test.TestNGFeatures"/>
  <testcase name="maillinkTest" time="0.037" classname="com.qa.test.GoogleTest"/>
  <testcase name="googleTitleTest" time="0.011" classname="com.qa.test.GoogleTest"/>
</testsuite> <!-- Test -->
