<?xml version="1.0" encoding="UTF-8"?>
<!-- Generated by org.testng.reporters.JUnitXMLReporter -->
<testsuite hostname="DIN66008786" ignored="0" name="Test1" tests="3" failures="0" timestamp="25 May 2018 08:43:10 GMT" time="46.058" errors="0">
  <testcase name="logotest" time="0.08" classname="com.qa.test.GoogleTest"/>
  <testcase name="maillinkTest" time="0.079" classname="com.qa.test.GoogleTest"/>
  <testcase name="googleTitleTest" time="0.012" classname="com.qa.test.GoogleTest"/>
</testsuite> <!-- Test1 -->
